<?xml version="1.0" encoding="UTF-8"?>
<!-- Generated by org.testng.reporters.JUnitReportReporter -->
<testsuite hostname="Lenovo-PC" name="com.testng.Class2" tests="1" failures="0" timestamp="26 May 2018 16:33:24 GMT" time="0.003" errors="0">
  <testcase name="testmethod4" time="0.003" classname="com.testng.Class2"/>
</testsuite> <!-- com.testng.Class2 -->
