<?xml version="1.0" encoding="UTF-8"?>
<!-- Generated by org.testng.reporters.JUnitReportReporter -->
<testsuite hostname="Lenovo-PC" name="com.testng.Class1" tests="3" failures="0" timestamp="26 May 2018 16:35:33 GMT" time="0.077" errors="0">
  <testcase name="testmethod2" time="0.074" classname="com.testng.Class1"/>
  <testcase name="testmethod1" time="0.002" classname="com.testng.Class1"/>
  <testcase name="testmethod3" time="0.001" classname="com.testng.Class1"/>
</testsuite> <!-- com.testng.Class1 -->
